<?xml version="1.0" encoding="UTF-8"?>
<testng-results skipped="0" failed="0" ignored="0" total="2" passed="2">
  <reporter-output>
  </reporter-output>
  <suite name="TestCasesSuite" duration-ms="3" started-at="2019-06-04T11:25:08Z" finished-at="2019-06-04T11:25:08Z">
    <groups>
    </groups>
    <test name="TestCasesTest" duration-ms="3" started-at="2019-06-04T11:25:08Z" finished-at="2019-06-04T11:25:08Z">
      <class name="more.testcases.TestCases2">
        <test-method status="PASS" signature="beforeSuite()[pri:0, instance:more.testcases.TestCases2@379614be]" name="beforeSuite" is-config="true" duration-ms="50" started-at="2019-06-04T11:25:08Z" finished-at="2019-06-04T11:25:08Z">
          <reporter-output>
          </reporter-output>
        </test-method> <!-- beforeSuite -->
        <test-method status="PASS" signature="main()[pri:0, instance:more.testcases.TestCases2@379614be]" name="main" duration-ms="1" started-at="2019-06-04T11:25:08Z" finished-at="2019-06-04T11:25:08Z">
          <reporter-output>
          </reporter-output>
        </test-method> <!-- main -->
        <test-method status="PASS" signature="main()[pri:0, instance:more.testcases.TestCases2@379614be]" name="main" duration-ms="0" started-at="2019-06-04T11:25:08Z" finished-at="2019-06-04T11:25:08Z">
          <reporter-output>
          </reporter-output>
        </test-method> <!-- main -->
        <test-method status="PASS" signature="afterSuite()[pri:0, instance:more.testcases.TestCases2@379614be]" name="afterSuite" is-config="true" duration-ms="46" started-at="2019-06-04T11:25:08Z" finished-at="2019-06-04T11:25:08Z">
          <reporter-output>
          </reporter-output>
        </test-method> <!-- afterSuite -->
      </class> <!-- more.testcases.TestCases2 -->
    </test> <!-- TestCasesTest -->
  </suite> <!-- TestCasesSuite -->
</testng-results>
